<?xml version="1.0" encoding="UTF-8"?>
<testng-results ignored="0" total="1" passed="1" failed="0" skipped="0">
  <reporter-output>
  </reporter-output>
  <suite started-at="2023-07-15T16:51:53 IST" name="Default suite" finished-at="2023-07-15T16:52:16 IST" duration-ms="23170">
    <groups>
    </groups>
    <test started-at="2023-07-15T16:51:53 IST" name="Default test" finished-at="2023-07-15T16:52:16 IST" duration-ms="23170">
      <class name="book.hotel.room.HotelwithFilters">
        <test-method is-config="true" signature="launchbrowser()[pri:0, instance:book.hotel.room.HotelwithFilters@1cf6d1be]" started-at="2023-07-15T16:51:53 IST" name="launchbrowser" finished-at="2023-07-15T16:52:04 IST" duration-ms="10461" status="PASS">
          <reporter-output>
          </reporter-output>
        </test-method> <!-- launchbrowser -->
        <test-method signature="bookingforone()[pri:0, instance:book.hotel.room.HotelwithFilters@1cf6d1be]" started-at="2023-07-15T16:52:04 IST" name="bookingforone" finished-at="2023-07-15T16:52:15 IST" duration-ms="11183" status="PASS">
          <reporter-output>
          </reporter-output>
        </test-method> <!-- bookingforone -->
        <test-method is-config="true" signature="closeBrowser()[pri:0, instance:book.hotel.room.HotelwithFilters@1cf6d1be]" started-at="2023-07-15T16:52:15 IST" name="closeBrowser" finished-at="2023-07-15T16:52:16 IST" duration-ms="1428" status="PASS">
          <reporter-output>
          </reporter-output>
        </test-method> <!-- closeBrowser -->
      </class> <!-- book.hotel.room.HotelwithFilters -->
    </test> <!-- Default test -->
  </suite> <!-- Default suite -->
</testng-results>
